<?xml version="1.0" encoding="UTF-8"?>
<testsuite xmlns:xsi="http://www.w3.org/2001/XMLSchema-instance" xsi:noNamespaceSchemaLocation="https://maven.apache.org/surefire/maven-surefire-plugin/xsd/surefire-test-report-3.0.xsd" version="3.0" name="src.AppTest" time="0.032" tests="18" errors="0" skipped="0" failures="0">
  <properties>
[...]
</properties>
  <testcase name="actividad_getTipo_cubreTodosLosValoresDelEnum" classname="src.AppTest" time="0.002"/>
  <testcase name="bajoCero_bajaHumedad_sinPrecipitacion_yEsquiConAforo_lanzaAforoSuperado" classname="src.AppTest" time="0.003"/>
  <testcase name="solape_32grados_sinLluvia_disparaBloques25a35_yMayor30" classname="src.AppTest" time="0.0"/>
  <testcase name="bajoCero_bajaHumedad_sinPrecipitacion_recomiendaEsqui_siNoAforo" classname="src.AppTest" time="0.0"/>
  <testcase name="bajoCero_bajaHumedad_yPrecipitacion_recomiendaCasa" classname="src.AppTest" time="0.0"/>
  <testcase name="entre0y15_escaladaConAforo_lanzaAforoSuperado" classname="src.AppTest" time="0.0"/>
  <testcase name="mayor30_sinLluvia_recomiendaPlayaYPiscina" classname="src.AppTest" time="0.0"/>
  <testcase name="entre0y15_senderismoConAforo_lanzaAforoSuperado" classname="src.AppTest" time="0.0"/>
  <testcase name="entre0y15_sinLluvia_recomiendaSenderismoYEscalada" classname="src.AppTest" time="0.0"/>
  <testcase name="entre25y35_culturalConAforo_lanzaAforoSuperado" classname="src.AppTest" time="0.0"/>
  <testcase name="tiempo_y_persona_metodosBasicos" classname="src.AppTest" time="0.0"/>
  <testcase name="testBasico" classname="src.AppTest" time="0.0"/>
  <testcase name="entre25y35_sinLluvia_recomiendaGastronomicoYCultural" classname="src.AppTest" time="0.0"/>
  <testcase name="siPersonaNoPuedeRealizarActividadFisica_lanzaExcepcion" classname="src.AppTest" time="0.0"/>
  <testcase name="entre15y25_catalogoConAforo_lanzaAforoSuperado" classname="src.AppTest" time="0.0"/>
  <testcase name="entre15y25_sinLluvia_noNublado_humedadOK_recomiendaCatalogo" classname="src.AppTest" time="0.0"/>
  <testcase name="mayor30_piscinaConAforo_lanzaAforoSuperado" classname="src.AppTest" time="0.0"/>
  <testcase name="entre25y35_gastronomicoConAforo_lanzaAforoSuperado" classname="src.AppTest" time="0.0"/>
</testsuite>